WWDCSubmissions/unityLibrary/build/intermediates/manifest_merge_blame_file/release/manifest-merger-blame-release-report.txt
1<?xml version="1.0" encoding="utf-8"?>
2<!-- GENERATED BY UNITY. REMOVE THIS COMMENT TO PREVENT OVERWRITING WHEN EXPORTING AGAIN -->
3<manifest xmlns:android="http://schemas.android.com/apk/res/android"
4    xmlns:tools="http://schemas.android.com/tools"
5    package="com.unity3d.player"
6    android:versionCode="1"
7    android:versionName="1.0" >
8
9    <uses-sdk
10        android:minSdkVersion="19"
10-->src/main/AndroidManifest.xml
11        android:targetSdkVersion="29" />
11-->src/main/AndroidManifest.xml
12
13    <uses-feature android:glEsVersion="0x00020000" />
13-->src/main/AndroidManifest.xml:14:3-52
13-->src/main/AndroidManifest.xml:14:17-49
14
15    <uses-permission android:name="android.permission.INTERNET" />
15-->src/main/AndroidManifest.xml:15:3-65
15-->src/main/AndroidManifest.xml:15:20-62
16    <uses-permission android:name="android.permission.CHANGE_WIFI_MULTICAST_STATE" />
16-->src/main/AndroidManifest.xml:16:3-84
16-->src/main/AndroidManifest.xml:16:20-81
17
18    <uses-feature
18-->src/main/AndroidManifest.xml:17:3-88
19        android:name="android.hardware.touchscreen"
19-->src/main/AndroidManifest.xml:17:17-60
20        android:required="false" />
20-->src/main/AndroidManifest.xml:17:61-85
21    <uses-feature
21-->src/main/AndroidManifest.xml:18:3-99
22        android:name="android.hardware.touchscreen.multitouch"
22-->src/main/AndroidManifest.xml:18:17-71
23        android:required="false" />
23-->src/main/AndroidManifest.xml:18:72-96
24    <uses-feature
24-->src/main/AndroidManifest.xml:19:3-108
25        android:name="android.hardware.touchscreen.multitouch.distinct"
25-->src/main/AndroidManifest.xml:19:17-80
26        android:required="false" />
26-->src/main/AndroidManifest.xml:19:81-105
27
28    <application android:isGame="true" >
28-->src/main/AndroidManifest.xml:4:3-13:17
28-->src/main/AndroidManifest.xml:4:16-37
29        <activity
29-->src/main/AndroidManifest.xml:5:5-8:16
30            android:name="com.unity3d.player.UnityPlayerActivity"
30-->src/main/AndroidManifest.xml:5:15-68
31            android:configChanges="mcc|mnc|locale|touchscreen|keyboard|keyboardHidden|navigation|orientation|screenLayout|uiMode|screenSize|smallestScreenSize|fontScale|layoutDirection|density"
31-->src/main/AndroidManifest.xml:5:180-361
32            android:hardwareAccelerated="false"
32-->src/main/AndroidManifest.xml:5:362-397
33            android:launchMode="singleTask"
33-->src/main/AndroidManifest.xml:5:148-179
34            android:screenOrientation="portrait"
34-->src/main/AndroidManifest.xml:5:111-147
35            android:theme="@style/UnityThemeSelector" >
35-->src/main/AndroidManifest.xml:5:69-110
36            <meta-data
36-->src/main/AndroidManifest.xml:6:7-82
37                android:name="unityplayer.UnityActivity"
37-->src/main/AndroidManifest.xml:6:18-58
38                android:value="true" />
38-->src/main/AndroidManifest.xml:6:59-79
39            <meta-data
39-->src/main/AndroidManifest.xml:7:7-78
40                android:name="android.notch_support"
40-->src/main/AndroidManifest.xml:7:18-54
41                android:value="true" />
41-->src/main/AndroidManifest.xml:7:55-75
42        </activity>
43
44        <meta-data
44-->src/main/AndroidManifest.xml:9:5-69
45            android:name="unity.splash-mode"
45-->src/main/AndroidManifest.xml:9:16-48
46            android:value="0" />
46-->src/main/AndroidManifest.xml:9:49-66
47        <meta-data
47-->src/main/AndroidManifest.xml:10:5-74
48            android:name="unity.splash-enable"
48-->src/main/AndroidManifest.xml:10:16-50
49            android:value="True" />
49-->src/main/AndroidManifest.xml:10:51-71
50        <meta-data
50-->src/main/AndroidManifest.xml:11:5-81
51            android:name="notch.config"
51-->src/main/AndroidManifest.xml:11:16-43
52            android:value="portrait|landscape" />
52-->src/main/AndroidManifest.xml:11:44-78
53        <meta-data
53-->src/main/AndroidManifest.xml:12:5-101
54            android:name="unity.build-id"
54-->src/main/AndroidManifest.xml:12:16-45
55            android:value="6334ee46-1cad-493a-890c-e131240eb176" />
55-->src/main/AndroidManifest.xml:12:46-98
56    </application>
57
58</manifest>